[debug] [2025-12-27T21:01:36.175Z] ----------------------------------------------------------------------
[debug] [2025-12-27T21:01:36.178Z] Command:       C:\Program Files\nodejs\node.exe C:\Users\Rodrigo\AppData\Roaming\npm\node_modules\firebase-tools\lib\bin\firebase.js init
[debug] [2025-12-27T21:01:36.178Z] CLI Version:   15.1.0
[debug] [2025-12-27T21:01:36.178Z] Platform:      win32
[debug] [2025-12-27T21:01:36.178Z] Node Version:  v22.18.0
[debug] [2025-12-27T21:01:36.179Z] Time:          Sat Dec 27 2025 18:01:36 GMT-0300 (Horário Padrão de Brasília)
[debug] [2025-12-27T21:01:36.179Z] ----------------------------------------------------------------------
[debug] 
[debug] [2025-12-27T21:01:36.181Z] >>> [apiv2][query] GET https://firebase-public.firebaseio.com/cli.json [none]
[info] 
     ######## #### ########  ######## ########     ###     ######  ########
     ##        ##  ##     ## ##       ##     ##  ##   ##  ##       ##
     ######    ##  ########  ######   ########  #########  ######  ######
     ##        ##  ##    ##  ##       ##     ## ##     ##       ## ##
     ##       #### ##     ## ######## ########  ##     ##  ######  ########

You're about to initialize a Firebase project in this directory:

  C:\Users\Rodrigo\Documents\GitHub\Site-onlines

[debug] [2025-12-27T21:01:40.691Z] <<< [apiv2][status] GET https://firebase-public.firebaseio.com/cli.json 200
[debug] [2025-12-27T21:01:40.692Z] <<< [apiv2][body] GET https://firebase-public.firebaseio.com/cli.json {"cloudBuildErrorAfter":1594252800000,"cloudBuildWarnAfter":1590019200000,"defaultNode10After":1594252800000,"minVersion":"3.0.5","node8DeploysDisabledAfter":1613390400000,"node8RuntimeDisabledAfter":1615809600000,"node8WarnAfter":1600128000000}
[info] 
=== Project Setup
[info] 
[info] First, let's associate this project directory with a Firebase project.
[info] You can create multiple project aliases by running firebase use --add, 
[info] 
[debug] [2025-12-27T21:04:07.926Z] > command requires scopes: ["email","openid","https://www.googleapis.com/auth/cloudplatformprojects.readonly","https://www.googleapis.com/auth/firebase","https://www.googleapis.com/auth/cloud-platform"]
[debug] [2025-12-27T21:04:07.926Z] > authorizing via signed-in user (rodrigo.rrrryu@gmail.com)
[debug] [2025-12-27T21:04:07.927Z] Checked if tokens are valid: false, expires at: 1766686323888
[debug] [2025-12-27T21:04:07.927Z] Checked if tokens are valid: false, expires at: 1766686323888
[debug] [2025-12-27T21:04:07.928Z] > refreshing access token with scopes: []
[debug] [2025-12-27T21:04:07.929Z] >>> [apiv2][query] POST https://www.googleapis.com/oauth2/v3/token [none]
[debug] [2025-12-27T21:04:07.929Z] >>> [apiv2][body] POST https://www.googleapis.com/oauth2/v3/token [omitted]
[debug] [2025-12-27T21:04:08.119Z] <<< [apiv2][status] POST https://www.googleapis.com/oauth2/v3/token 200
[debug] [2025-12-27T21:04:08.119Z] <<< [apiv2][body] POST https://www.googleapis.com/oauth2/v3/token [omitted]
[debug] [2025-12-27T21:04:08.124Z] >>> [apiv2][query] GET https://firebase.googleapis.com/v1beta1/projects pageSize=100
[debug] [2025-12-27T21:04:09.051Z] <<< [apiv2][status] GET https://firebase.googleapis.com/v1beta1/projects 200
[debug] [2025-12-27T21:04:09.051Z] <<< [apiv2][body] GET https://firebase.googleapis.com/v1beta1/projects [omitted]
